Started GET "/" for ::1 at 2020-02-06 13:11:13 +0300
Processing by Rails::WelcomeController#index as HTML
  Rendering /Users/admin/.rvm/gems/ruby-2.4.0@jdigram/gems/railties-5.2.4.1/lib/rails/templates/rails/welcome/index.html.erb
  Rendered /Users/admin/.rvm/gems/ruby-2.4.0@jdigram/gems/railties-5.2.4.1/lib/rails/templates/rails/welcome/index.html.erb (3.5ms)
Completed 200 OK in 18ms (Views: 10.3ms | ActiveRecord: 0.0ms)


Started GET "/" for ::1 at 2020-02-06 13:52:59 +0300
Processing by Rails::WelcomeController#index as HTML
  Rendering /Users/admin/.rvm/gems/ruby-2.4.0@jdigram/gems/railties-5.2.4.1/lib/rails/templates/rails/welcome/index.html.erb
  Rendered /Users/admin/.rvm/gems/ruby-2.4.0@jdigram/gems/railties-5.2.4.1/lib/rails/templates/rails/welcome/index.html.erb (4.8ms)
Completed 200 OK in 19ms (Views: 10.7ms | ActiveRecord: 0.0ms)


Started GET "/" for ::1 at 2020-02-06 15:19:31 +0300
Processing by PersonsController#index as HTML
  Rendering persons/index.html.haml within layouts/application
  Rendered persons/index.html.haml within layouts/application (4.5ms)
Completed 200 OK in 1016ms (Views: 1008.6ms | ActiveRecord: 0.0ms)


Started GET "/" for ::1 at 2020-02-06 15:20:07 +0300
Processing by PersonsController#index as HTML
  Rendering persons/index.html.haml within layouts/application
  Rendered persons/index.html.haml within layouts/application (5.8ms)
Completed 200 OK in 29ms (Views: 26.7ms | ActiveRecord: 0.0ms)


Started GET "/" for ::1 at 2020-02-06 15:20:16 +0300
Processing by PersonsController#index as HTML
  Rendering persons/index.html.haml within layouts/application
  Rendered persons/index.html.haml within layouts/application (1.9ms)
Completed 200 OK in 24ms (Views: 20.6ms | ActiveRecord: 0.0ms)


Started GET "/" for ::1 at 2020-02-06 15:20:17 +0300
Processing by PersonsController#index as HTML
  Rendering persons/index.html.haml within layouts/application
  Rendered persons/index.html.haml within layouts/application (2.1ms)
Completed 200 OK in 22ms (Views: 19.7ms | ActiveRecord: 0.0ms)


Started GET "/" for ::1 at 2020-02-06 15:20:40 +0300
Processing by PersonsController#index as HTML
  Rendering persons/index.html.haml within layouts/application
  Rendered persons/index.html.haml within layouts/application (2.0ms)
Completed 200 OK in 24ms (Views: 20.5ms | ActiveRecord: 0.0ms)


Started GET "/" for ::1 at 2020-02-06 15:20:41 +0300
Processing by PersonsController#index as HTML
  Rendering persons/index.html.haml within layouts/application
  Rendered persons/index.html.haml within layouts/application (5.9ms)
Completed 200 OK in 26ms (Views: 23.8ms | ActiveRecord: 0.0ms)


Started GET "/" for ::1 at 2020-02-06 15:20:41 +0300
Processing by PersonsController#index as HTML
  Rendering persons/index.html.haml within layouts/application
  Rendered persons/index.html.haml within layouts/application (2.2ms)
Completed 200 OK in 22ms (Views: 20.0ms | ActiveRecord: 0.0ms)


Started GET "/" for ::1 at 2020-02-06 15:20:59 +0300
Processing by PersonsController#index as HTML
  Rendering persons/index.html.haml within layouts/application
  Rendered persons/index.html.haml within layouts/application (2.2ms)
Completed 200 OK in 23ms (Views: 21.0ms | ActiveRecord: 0.0ms)


Started GET "/" for ::1 at 2020-02-06 15:21:00 +0300
Processing by PersonsController#index as HTML
  Rendering persons/index.html.haml within layouts/application
  Rendered persons/index.html.haml within layouts/application (2.3ms)
Completed 200 OK in 22ms (Views: 19.3ms | ActiveRecord: 0.0ms)


Started GET "/" for ::1 at 2020-02-06 15:21:01 +0300
Processing by PersonsController#index as HTML
  Rendering persons/index.html.haml within layouts/application
  Rendered persons/index.html.haml within layouts/application (2.8ms)
Completed 200 OK in 33ms (Views: 30.2ms | ActiveRecord: 0.0ms)


Started GET "/" for ::1 at 2020-02-06 15:21:17 +0300
Processing by PersonsController#index as HTML
  Rendering persons/index.html.haml within layouts/application
  Rendered persons/index.html.haml within layouts/application (2.2ms)
Completed 200 OK in 25ms (Views: 23.0ms | ActiveRecord: 0.0ms)


Started GET "/" for ::1 at 2020-02-06 15:25:41 +0300
Processing by PersonsController#index as HTML
  Rendering persons/index.html.erb within layouts/application
  Rendered persons/index.html.erb within layouts/application (4.4ms)
Completed 200 OK in 131ms (Views: 111.4ms | ActiveRecord: 0.0ms)


Started GET "/" for ::1 at 2020-02-06 15:36:11 +0300
Processing by PersonsController#index as HTML
  Rendering persons/index.html.erb within layouts/application
  Rendered persons/index.html.erb within layouts/application (1.1ms)
Completed 200 OK in 449ms (Views: 440.0ms | ActiveRecord: 0.0ms)


Started GET "/" for ::1 at 2020-02-06 15:36:13 +0300
Processing by PersonsController#index as HTML
  Rendering persons/index.html.erb within layouts/application
  Rendered persons/index.html.erb within layouts/application (0.6ms)
Completed 200 OK in 64ms (Views: 62.1ms | ActiveRecord: 0.0ms)


Started GET "/" for ::1 at 2020-02-06 15:36:16 +0300
Processing by PersonsController#index as HTML
  Rendering persons/index.html.erb within layouts/application
  Rendered persons/index.html.erb within layouts/application (0.5ms)
Completed 200 OK in 62ms (Views: 59.4ms | ActiveRecord: 0.0ms)


Started GET "/" for ::1 at 2020-02-06 15:36:17 +0300
Processing by PersonsController#index as HTML
  Rendering persons/index.html.erb within layouts/application
  Rendered persons/index.html.erb within layouts/application (0.5ms)
Completed 200 OK in 72ms (Views: 69.7ms | ActiveRecord: 0.0ms)


Started GET "/" for ::1 at 2020-02-06 15:36:18 +0300
Processing by PersonsController#index as HTML
  Rendering persons/index.html.erb within layouts/application
  Rendered persons/index.html.erb within layouts/application (0.6ms)
Completed 200 OK in 87ms (Views: 85.3ms | ActiveRecord: 0.0ms)


Started GET "/" for ::1 at 2020-02-06 15:36:18 +0300
Processing by PersonsController#index as HTML
  Rendering persons/index.html.erb within layouts/application
  Rendered persons/index.html.erb within layouts/application (0.5ms)
Completed 200 OK in 100ms (Views: 97.1ms | ActiveRecord: 0.0ms)


Started GET "/" for ::1 at 2020-02-06 15:36:19 +0300
Processing by PersonsController#index as HTML
  Rendering persons/index.html.erb within layouts/application
  Rendered persons/index.html.erb within layouts/application (0.6ms)
Completed 200 OK in 93ms (Views: 90.0ms | ActiveRecord: 0.0ms)


Started GET "/" for ::1 at 2020-02-06 15:36:19 +0300
Processing by PersonsController#index as HTML
  Rendering persons/index.html.erb within layouts/application
  Rendered persons/index.html.erb within layouts/application (0.5ms)
Completed 200 OK in 76ms (Views: 71.8ms | ActiveRecord: 0.0ms)


Started GET "/" for ::1 at 2020-02-06 15:36:20 +0300
Processing by PersonsController#index as HTML
  Rendering persons/index.html.erb within layouts/application
  Rendered persons/index.html.erb within layouts/application (0.5ms)
Completed 200 OK in 91ms (Views: 88.3ms | ActiveRecord: 0.0ms)


Started GET "/" for ::1 at 2020-02-06 15:36:20 +0300
Processing by PersonsController#index as HTML
  Rendering persons/index.html.erb within layouts/application
  Rendered persons/index.html.erb within layouts/application (3.3ms)
Completed 200 OK in 83ms (Views: 80.8ms | ActiveRecord: 0.0ms)


Started GET "/" for ::1 at 2020-02-06 15:36:40 +0300
Processing by PersonsController#index as HTML
  Rendering persons/index.html.erb within layouts/application
  Rendered persons/index.html.erb within layouts/application (2.5ms)
Completed 200 OK in 346ms (Views: 337.0ms | ActiveRecord: 0.0ms)


Started GET "/" for ::1 at 2020-02-06 15:36:42 +0300
Processing by PersonsController#index as HTML
  Rendering persons/index.html.erb within layouts/application
  Rendered persons/index.html.erb within layouts/application (0.6ms)
Completed 200 OK in 61ms (Views: 59.1ms | ActiveRecord: 0.0ms)


Started GET "/" for ::1 at 2020-02-06 15:37:51 +0300
Processing by PersonsController#index as HTML
  Rendering persons/index.html.erb within layouts/application
  Rendered persons/index.html.erb within layouts/application (1.1ms)
Completed 200 OK in 428ms (Views: 421.4ms | ActiveRecord: 0.0ms)


Started GET "/" for ::1 at 2020-02-06 15:40:09 +0300
Processing by PersonsController#index as HTML
  Rendering persons/index.html.erb within layouts/application
  Rendered persons/index.html.erb within layouts/application (2.2ms)
Completed 500 Internal Server Error in 550ms (ActiveRecord: 0.0ms)


  
ActionView::Template::Error (undefined local variable or method `blogs_path' for #<#<Class:0x007f854b4c9870>:0x007f85506b7380>):
     6:     <%= csp_meta_tag %>
     7: 
     8:     <div class="d-flex flex-column flex-md-row align-items-center p-3 px-md-4 mb-3 bg-white border-bottom shadow-sm">
     9:       <h5 class="my-0 mr-md-auto font-weight-normal"><%= link_to 'My blogs', blogs_path, :class => 'btn btn-outline-primary'%></h5>
    10:       <% if user_signed_in? %>
    11:         <nav class="my-2 my-md-1 mr-md-3">
    12:           Logged in as<strong>
  
app/views/layouts/application.html.erb:9:in `_app_views_layouts_application_html_erb___2252325686852701886_70105272272920'
Started GET "/" for ::1 at 2020-02-06 15:41:21 +0300
Processing by PersonsController#index as HTML
  Rendering persons/index.html.erb within layouts/application
  Rendered persons/index.html.erb within layouts/application (1.1ms)
Completed 500 Internal Server Error in 364ms (ActiveRecord: 0.0ms)


  
ActionView::Template::Error (undefined local variable or method `home_path' for #<#<Class:0x007f854b4c9870>:0x007f8551892528>):
     6:     <%= csp_meta_tag %>
     7: 
     8:     <div class="d-flex flex-column flex-md-row align-items-center p-3 px-md-4 mb-3 bg-white border-bottom shadow-sm">
     9:       <h5 class="my-0 mr-md-auto font-weight-normal"><%= link_to 'My blogs', home_path, :class => 'btn btn-outline-primary'%></h5>
    10:       <% if user_signed_in? %>
    11:         <nav class="my-2 my-md-1 mr-md-3">
    12:           Logged in as<strong>
  
app/views/layouts/application.html.erb:9:in `_app_views_layouts_application_html_erb___2252325686852701886_70105288068900'
Started GET "/" for ::1 at 2020-02-06 15:41:46 +0300
Processing by PersonsController#index as HTML
  Rendering persons/index.html.erb within layouts/application
  Rendered persons/index.html.erb within layouts/application (0.9ms)
Completed 500 Internal Server Error in 1047ms (ActiveRecord: 0.0ms)


  
ActionView::Template::Error (undefined local variable or method `path' for #<#<Class:0x007f854b4c9870>:0x007f8552135900>):
     6:     <%= csp_meta_tag %>
     7: 
     8:     <div class="d-flex flex-column flex-md-row align-items-center p-3 px-md-4 mb-3 bg-white border-bottom shadow-sm">
     9:       <h5 class="my-0 mr-md-auto font-weight-normal"><%= link_to 'My blogs', path, :class => 'btn btn-outline-primary'%></h5>
    10:       <% if user_signed_in? %>
    11:         <nav class="my-2 my-md-1 mr-md-3">
    12:           Logged in as<strong>
  
app/views/layouts/application.html.erb:9:in `_app_views_layouts_application_html_erb___2252325686852701886_70105292146960'
Started GET "/" for ::1 at 2020-02-06 15:42:01 +0300
Processing by PersonsController#index as HTML
  Rendering persons/index.html.erb within layouts/application
  Rendered persons/index.html.erb within layouts/application (0.6ms)
Completed 500 Internal Server Error in 316ms (ActiveRecord: 0.0ms)


  
ActionView::Template::Error (undefined method `user_signed_in?' for #<#<Class:0x007f854b4c9870>:0x007f8552058140>):
     7: 
     8:     <div class="d-flex flex-column flex-md-row align-items-center p-3 px-md-4 mb-3 bg-white border-bottom shadow-sm">
     9:       <h5 class="my-0 mr-md-auto font-weight-normal"><%= link_to 'My blogs',  :class => 'btn btn-outline-primary'%></h5>
    10:       <% if user_signed_in? %>
    11:         <nav class="my-2 my-md-1 mr-md-3">
    12:           Logged in as<strong>
    13:           :
  
app/views/layouts/application.html.erb:10:in `_app_views_layouts_application_html_erb___2252325686852701886_70105291644200'
Started GET "/" for ::1 at 2020-02-06 15:42:18 +0300
Processing by PersonsController#index as HTML
  Rendering persons/index.html.erb within layouts/application
  Rendered persons/index.html.erb within layouts/application (1.1ms)
Completed 500 Internal Server Error in 393ms (ActiveRecord: 0.0ms)


  
ActionView::Template::Error (undefined local variable or method `home_path' for #<#<Class:0x007f854b4c9870>:0x007f85504bb900>):
    14:           <%= 1 %></strong>
    15:         </nav>
    16:         <nav class="my-2 my-md-1 mr-md-3">
    17:           <%= link_to 'Edit profile', home_path, :class => "btn btn-outline-primary" %>
    18:         </nav>
    19:         <nav class="my-2 my-md-0 mr-md-3">
    20:           <%= link_to "Logout", home_path, method: :delete,  :class => "btn btn-outline-primary" %>
  
app/views/layouts/application.html.erb:17:in `_app_views_layouts_application_html_erb___2252325686852701886_70105277187640'
Started GET "/" for ::1 at 2020-02-06 15:42:37 +0300
Processing by PersonsController#index as HTML
  Rendering persons/index.html.erb within layouts/application
  Rendered persons/index.html.erb within layouts/application (0.4ms)
Completed 200 OK in 62ms (Views: 57.8ms | ActiveRecord: 0.0ms)


Started GET "/" for ::1 at 2020-02-06 15:43:20 +0300
Processing by PersonsController#index as HTML
  Rendering persons/index.html.erb within layouts/application
  Rendered persons/index.html.erb within layouts/application (0.4ms)
Completed 200 OK in 56ms (Views: 53.8ms | ActiveRecord: 0.0ms)


Started GET "/" for ::1 at 2020-02-06 15:43:32 +0300
Processing by PersonsController#index as HTML
  Rendering persons/index.html.erb within layouts/application
  Rendered persons/index.html.erb within layouts/application (0.6ms)
Completed 200 OK in 84ms (Views: 81.4ms | ActiveRecord: 0.0ms)


Started GET "/?class=btn+btn-outline-primary" for ::1 at 2020-02-06 15:59:34 +0300
Processing by PersonsController#index as HTML
  Parameters: {"class"=>"btn btn-outline-primary"}
  Rendering persons/index.html.erb within layouts/application
  Rendered persons/index.html.erb within layouts/application (1.1ms)
Completed 200 OK in 361ms (Views: 353.1ms | ActiveRecord: 0.0ms)


Started GET "/?class=btn+btn-outline-primary&method=delete" for ::1 at 2020-02-06 15:59:36 +0300
Processing by PersonsController#index as HTML
  Parameters: {"class"=>"btn btn-outline-primary", "method"=>"delete"}
  Rendering persons/index.html.erb within layouts/application
  Rendered persons/index.html.erb within layouts/application (0.6ms)
Completed 200 OK in 94ms (Views: 90.4ms | ActiveRecord: 0.0ms)


Started GET "/?class=btn+btn-outline-primary" for ::1 at 2020-02-06 15:59:38 +0300
Processing by PersonsController#index as HTML
  Parameters: {"class"=>"btn btn-outline-primary"}
  Rendering persons/index.html.erb within layouts/application
  Rendered persons/index.html.erb within layouts/application (0.4ms)
Completed 200 OK in 80ms (Views: 76.9ms | ActiveRecord: 0.0ms)


Started GET "/?class=btn+btn-outline-primary" for ::1 at 2020-02-06 15:59:40 +0300
Processing by PersonsController#index as HTML
  Parameters: {"class"=>"btn btn-outline-primary"}
  Rendering persons/index.html.erb within layouts/application
  Rendered persons/index.html.erb within layouts/application (0.5ms)
Completed 200 OK in 84ms (Views: 80.8ms | ActiveRecord: 0.0ms)


Started GET "/?class=btn+btn-outline-primary" for ::1 at 2020-02-06 16:00:12 +0300
Processing by PersonsController#index as HTML
  Parameters: {"class"=>"btn btn-outline-primary"}
  Rendering persons/index.html.erb within layouts/application
  Rendered persons/index.html.erb within layouts/application (0.4ms)
Completed 200 OK in 66ms (Views: 62.7ms | ActiveRecord: 0.0ms)


Started GET "/?class=btn+btn-outline-primary" for ::1 at 2020-02-06 16:00:14 +0300
Processing by PersonsController#index as HTML
  Parameters: {"class"=>"btn btn-outline-primary"}
  Rendering persons/index.html.erb within layouts/application
  Rendered persons/index.html.erb within layouts/application (1.2ms)
Completed 200 OK in 61ms (Views: 58.4ms | ActiveRecord: 0.0ms)


Started GET "/?class=btn+btn-outline-primary" for ::1 at 2020-02-06 16:00:20 +0300
Processing by PersonsController#index as HTML
  Parameters: {"class"=>"btn btn-outline-primary"}
  Rendering persons/index.html.erb within layouts/application
  Rendered persons/index.html.erb within layouts/application (0.3ms)
Completed 200 OK in 61ms (Views: 54.7ms | ActiveRecord: 0.0ms)


Started GET "/?class=btn+btn-outline-primary" for ::1 at 2020-02-06 16:00:25 +0300
Processing by PersonsController#index as HTML
  Parameters: {"class"=>"btn btn-outline-primary"}
  Rendering persons/index.html.erb within layouts/application
  Rendered persons/index.html.erb within layouts/application (0.4ms)
Completed 200 OK in 50ms (Views: 48.2ms | ActiveRecord: 0.0ms)


Started GET "/?class=btn+btn-outline-primary" for ::1 at 2020-02-06 16:00:26 +0300
Processing by PersonsController#index as HTML
  Parameters: {"class"=>"btn btn-outline-primary"}
  Rendering persons/index.html.erb within layouts/application
  Rendered persons/index.html.erb within layouts/application (0.5ms)
Completed 200 OK in 71ms (Views: 68.4ms | ActiveRecord: 0.0ms)


Started GET "/?class=btn+btn-outline-primary" for ::1 at 2020-02-06 16:01:42 +0300
Processing by PersonsController#index as HTML
  Parameters: {"class"=>"btn btn-outline-primary"}
  Rendering persons/index.html.erb within layouts/application
  Rendered persons/index.html.erb within layouts/application (0.6ms)
Completed 200 OK in 92ms (Views: 88.7ms | ActiveRecord: 0.0ms)


Started GET "/?class=btn+btn-outline-primary" for ::1 at 2020-02-06 16:01:44 +0300
Processing by PersonsController#index as HTML
  Parameters: {"class"=>"btn btn-outline-primary"}
  Rendering persons/index.html.erb within layouts/application
  Rendered persons/index.html.erb within layouts/application (0.7ms)
Completed 200 OK in 286ms (Views: 280.9ms | ActiveRecord: 0.0ms)


Started GET "/persons" for ::1 at 2020-02-06 16:01:46 +0300
Processing by PersonsController#index as HTML
  Rendering persons/index.html.erb within layouts/application
  Rendered persons/index.html.erb within layouts/application (0.5ms)
Completed 200 OK in 80ms (Views: 77.2ms | ActiveRecord: 0.0ms)


Started GET "/persons" for ::1 at 2020-02-06 16:01:47 +0300
Processing by PersonsController#index as HTML
  Rendering persons/index.html.erb within layouts/application
  Rendered persons/index.html.erb within layouts/application (0.7ms)
Completed 200 OK in 130ms (Views: 127.2ms | ActiveRecord: 0.0ms)


Started GET "/persons" for ::1 at 2020-02-06 16:02:11 +0300
Processing by PersonsController#index as HTML
  Rendering persons/index.html.erb within layouts/application
  Rendered persons/index.html.erb within layouts/application (0.5ms)
Completed 500 Internal Server Error in 10ms (ActiveRecord: 0.0ms)


  
SyntaxError (/Users/admin/RubymineProjects/JDIgram/app/views/layouts/application.html.erb:23: syntax error, unexpected ',', expecting =>
method: :delete, persons_path,  :class => "btn btn-outline-p
                              ^):
  
app/views/layouts/application.html.erb:23: syntax error, unexpected ',', expecting =>
Started GET "/persons" for ::1 at 2020-02-06 16:02:25 +0300
Processing by PersonsController#index as HTML
  Rendering persons/index.html.erb within layouts/application
  Rendered persons/index.html.erb within layouts/application (0.4ms)
Completed 200 OK in 77ms (Views: 72.8ms | ActiveRecord: 0.0ms)


Started GET "/persons" for ::1 at 2020-02-06 16:02:28 +0300
Processing by PersonsController#index as HTML
  Rendering persons/index.html.erb within layouts/application
  Rendered persons/index.html.erb within layouts/application (0.5ms)
Completed 200 OK in 67ms (Views: 65.3ms | ActiveRecord: 0.0ms)


Started GET "/persons" for ::1 at 2020-02-06 16:02:30 +0300
Processing by PersonsController#index as HTML
  Rendering persons/index.html.erb within layouts/application
  Rendered persons/index.html.erb within layouts/application (0.6ms)
Completed 200 OK in 134ms (Views: 132.0ms | ActiveRecord: 0.0ms)


Started GET "/persons" for ::1 at 2020-02-06 16:02:31 +0300
Processing by PersonsController#index as HTML
  Rendering persons/index.html.erb within layouts/application
  Rendered persons/index.html.erb within layouts/application (0.6ms)
Completed 200 OK in 103ms (Views: 100.4ms | ActiveRecord: 0.0ms)


Started GET "/persons" for ::1 at 2020-02-06 16:03:07 +0300
Processing by PersonsController#index as HTML
  Rendering persons/index.html.erb within layouts/application
  Rendered persons/index.html.erb within layouts/application (0.5ms)
Completed 200 OK in 64ms (Views: 61.2ms | ActiveRecord: 0.0ms)


Started GET "/persons" for ::1 at 2020-02-06 16:03:08 +0300
Processing by PersonsController#index as HTML
  Rendering persons/index.html.erb within layouts/application
  Rendered persons/index.html.erb within layouts/application (1.1ms)
Completed 200 OK in 67ms (Views: 64.6ms | ActiveRecord: 0.0ms)


Started GET "/persons" for ::1 at 2020-02-06 16:04:03 +0300
Processing by PersonsController#index as HTML
  Rendering persons/index.html.erb within layouts/application
  Rendered persons/index.html.erb within layouts/application (2.1ms)
Completed 200 OK in 386ms (Views: 379.2ms | ActiveRecord: 0.0ms)


Started GET "/persons" for ::1 at 2020-02-06 16:04:05 +0300
Processing by PersonsController#index as HTML
  Rendering persons/index.html.erb within layouts/application
  Rendered persons/index.html.erb within layouts/application (0.4ms)
Completed 200 OK in 83ms (Views: 78.9ms | ActiveRecord: 0.0ms)


Started GET "/persons" for ::1 at 2020-02-06 16:04:08 +0300
Processing by PersonsController#index as HTML
  Rendering persons/index.html.erb within layouts/application
  Rendered persons/index.html.erb within layouts/application (0.5ms)
Completed 200 OK in 125ms (Views: 121.7ms | ActiveRecord: 0.0ms)


Started GET "/persons" for ::1 at 2020-02-06 16:04:10 +0300
Processing by PersonsController#index as HTML
  Rendering persons/index.html.erb within layouts/application
  Rendered persons/index.html.erb within layouts/application (0.5ms)
Completed 200 OK in 88ms (Views: 85.2ms | ActiveRecord: 0.0ms)


Started GET "/persons" for ::1 at 2020-02-06 16:05:24 +0300
Processing by PersonsController#index as HTML
  Rendering persons/index.html.erb within layouts/application
  Rendered persons/index.html.erb within layouts/application (0.5ms)
Completed 200 OK in 76ms (Views: 71.8ms | ActiveRecord: 0.0ms)


Started GET "/persons" for ::1 at 2020-02-06 16:05:38 +0300
Processing by PersonsController#index as HTML
  Rendering persons/index.html.erb within layouts/application
  Rendered persons/index.html.erb within layouts/application (0.8ms)
Completed 200 OK in 88ms (Views: 81.0ms | ActiveRecord: 0.0ms)


Started GET "/persons" for ::1 at 2020-02-06 16:05:41 +0300
Processing by PersonsController#index as HTML
  Rendering persons/index.html.erb within layouts/application
  Rendered persons/index.html.erb within layouts/application (0.4ms)
Completed 200 OK in 59ms (Views: 57.1ms | ActiveRecord: 0.0ms)


Started GET "/persons" for ::1 at 2020-02-06 16:06:16 +0300
Processing by PersonsController#index as HTML
  Rendering persons/index.html.erb within layouts/application
  Rendered persons/index.html.erb within layouts/application (0.6ms)
Completed 200 OK in 89ms (Views: 84.3ms | ActiveRecord: 0.0ms)


Started GET "/persons" for ::1 at 2020-02-06 16:06:17 +0300
Processing by PersonsController#index as HTML
  Rendering persons/index.html.erb within layouts/application
  Rendered persons/index.html.erb within layouts/application (0.4ms)
Completed 200 OK in 108ms (Views: 105.1ms | ActiveRecord: 0.0ms)


Started GET "/persons" for ::1 at 2020-02-06 16:06:32 +0300
Processing by PersonsController#index as HTML
  Rendering persons/index.html.erb within layouts/application
  Rendered persons/index.html.erb within layouts/application (0.4ms)
Completed 200 OK in 66ms (Views: 60.9ms | ActiveRecord: 0.0ms)


Started GET "/persons" for ::1 at 2020-02-06 16:06:41 +0300
Processing by PersonsController#index as HTML
  Rendering persons/index.html.erb within layouts/application
  Rendered persons/index.html.erb within layouts/application (0.5ms)
Completed 200 OK in 64ms (Views: 62.0ms | ActiveRecord: 0.0ms)


Started GET "/persons" for ::1 at 2020-02-06 16:06:42 +0300
Processing by PersonsController#index as HTML
  Rendering persons/index.html.erb within layouts/application
  Rendered persons/index.html.erb within layouts/application (0.3ms)
Completed 200 OK in 67ms (Views: 65.0ms | ActiveRecord: 0.0ms)


Started GET "/persons" for ::1 at 2020-02-06 16:06:53 +0300
Processing by PersonsController#index as HTML
  Rendering persons/index.html.erb within layouts/application
  Rendered persons/index.html.erb within layouts/application (0.7ms)
Completed 200 OK in 61ms (Views: 58.4ms | ActiveRecord: 0.0ms)


Started GET "/persons" for ::1 at 2020-02-06 16:06:54 +0300
Processing by PersonsController#index as HTML
  Rendering persons/index.html.erb within layouts/application
  Rendered persons/index.html.erb within layouts/application (0.6ms)
Completed 200 OK in 66ms (Views: 64.4ms | ActiveRecord: 0.0ms)


Started GET "/persons" for ::1 at 2020-02-06 16:06:55 +0300
Processing by PersonsController#index as HTML
  Rendering persons/index.html.erb within layouts/application
  Rendered persons/index.html.erb within layouts/application (1.9ms)
Completed 200 OK in 89ms (Views: 86.0ms | ActiveRecord: 0.0ms)


Started GET "/persons" for ::1 at 2020-02-06 16:06:56 +0300
Processing by PersonsController#index as HTML
  Rendering persons/index.html.erb within layouts/application
  Rendered persons/index.html.erb within layouts/application (0.6ms)
Completed 200 OK in 62ms (Views: 60.0ms | ActiveRecord: 0.0ms)


Started GET "/persons" for ::1 at 2020-02-06 16:07:05 +0300
Processing by PersonsController#index as HTML
  Rendering persons/index.html.erb within layouts/application
  Rendered persons/index.html.erb within layouts/application (1.6ms)
Completed 200 OK in 347ms (Views: 338.9ms | ActiveRecord: 0.0ms)


Started GET "/persons" for ::1 at 2020-02-06 16:07:09 +0300
Processing by PersonsController#index as HTML
  Rendering persons/index.html.erb within layouts/application
  Rendered persons/index.html.erb within layouts/application (0.5ms)
Completed 200 OK in 106ms (Views: 102.8ms | ActiveRecord: 0.0ms)


Started GET "/persons" for ::1 at 2020-02-06 16:07:09 +0300
Processing by PersonsController#index as HTML
  Rendering persons/index.html.erb within layouts/application
  Rendered persons/index.html.erb within layouts/application (0.6ms)
Completed 200 OK in 83ms (Views: 80.6ms | ActiveRecord: 0.0ms)


Started GET "/persons" for ::1 at 2020-02-06 16:07:10 +0300
Processing by PersonsController#index as HTML
  Rendering persons/index.html.erb within layouts/application
  Rendered persons/index.html.erb within layouts/application (0.4ms)
Completed 200 OK in 89ms (Views: 86.1ms | ActiveRecord: 0.0ms)


Started GET "/persons" for ::1 at 2020-02-06 16:07:11 +0300
Processing by PersonsController#index as HTML
  Rendering persons/index.html.erb within layouts/application
  Rendered persons/index.html.erb within layouts/application (0.5ms)
Completed 200 OK in 97ms (Views: 94.4ms | ActiveRecord: 0.0ms)


